2025-05-13 20:18:31,259 - __main__ - INFO - Starting spam detection service...
2025-05-13 20:18:31,270 - __main__ - INFO - Waiting for service to start (attempt 1/5)...
2025-05-13 20:18:37,357 - __main__ - INFO - Waiting for service to start (attempt 2/5)...
2025-05-13 20:18:43,466 - __main__ - INFO - Waiting for service to start (attempt 3/5)...
2025-05-13 20:18:49,019 - __main__ - INFO - Spam detection service started successfully!
2025-05-13 20:24:48,975 - __main__ - INFO - Starting spam detection service...
2025-05-13 20:24:48,985 - __main__ - INFO - Waiting for service to start (attempt 1/5)...
2025-05-13 20:24:55,025 - __main__ - INFO - Waiting for service to start (attempt 2/5)...
2025-05-13 20:25:01,085 - __main__ - INFO - Waiting for service to start (attempt 3/5)...
2025-05-13 20:25:07,155 - __main__ - INFO - Waiting for service to start (attempt 4/5)...
2025-05-13 20:25:08,585 - __main__ - INFO - Starting spam detection service...
2025-05-13 20:25:08,591 - __main__ - INFO - Waiting for service to start (attempt 1/5)...
2025-05-13 20:25:13,217 - __main__ - INFO - Waiting for service to start (attempt 5/5)...
2025-05-13 20:25:14,646 - __main__ - INFO - Waiting for service to start (attempt 2/5)...
2025-05-13 20:25:19,283 - __main__ - ERROR - Failed to start spam detection service after multiple attempts
2025-05-13 20:25:19,963 - __main__ - INFO - Starting spam detection service...
2025-05-13 20:25:19,991 - __main__ - INFO - Waiting for service to start (attempt 1/5)...
2025-05-13 20:25:20,708 - __main__ - INFO - Waiting for service to start (attempt 3/5)...
2025-05-13 20:25:26,066 - __main__ - INFO - Waiting for service to start (attempt 2/5)...
2025-05-13 20:25:26,762 - __main__ - INFO - Waiting for service to start (attempt 4/5)...
2025-05-13 20:25:29,004 - __main__ - INFO - Spam detection service is already running
2025-05-13 20:25:30,107 - __main__ - INFO - Spam detection service started successfully!
2025-05-13 20:25:30,809 - __main__ - INFO - Spam detection service started successfully!
