2025-05-14 11:52:58,382 - __main__ - INFO - No running spam detection service found
2025-05-14 11:53:03,540 - __main__ - INFO - Starting spam detection service...
2025-05-14 11:53:03,547 - __main__ - INFO - Waiting for service to start (attempt 1/5)...
2025-05-14 11:53:09,662 - __main__ - INFO - Waiting for service to start (attempt 2/5)...
2025-05-14 11:53:15,734 - __main__ - INFO - Waiting for service to start (attempt 3/5)...
2025-05-14 11:53:21,820 - __main__ - INFO - Waiting for service to start (attempt 4/5)...
2025-05-14 11:53:27,916 - __main__ - INFO - Waiting for service to start (attempt 5/5)...
2025-05-14 11:53:34,014 - __main__ - ERROR - Failed to start spam detection service after multiple attempts
2025-05-14 11:55:03,024 - __main__ - INFO - Stopping spam detection service (PID: 19372)
2025-05-14 11:55:08,097 - __main__ - INFO - Starting spam detection service...
2025-05-14 11:55:08,106 - __main__ - INFO - Waiting for service to start (attempt 1/5)...
2025-05-14 11:55:14,179 - __main__ - INFO - Waiting for service to start (attempt 2/5)...
2025-05-14 11:55:20,239 - __main__ - INFO - Waiting for service to start (attempt 3/5)...
2025-05-14 11:55:25,800 - __main__ - INFO - Spam detection service started successfully!
2025-05-14 12:15:55,590 - __main__ - INFO - Stopping spam detection service (PID: 20792)
2025-05-14 12:16:00,716 - __main__ - INFO - Starting spam detection service...
2025-05-14 12:16:00,724 - __main__ - INFO - Waiting for service to start (attempt 1/5)...
2025-05-14 12:16:06,818 - __main__ - INFO - Waiting for service to start (attempt 2/5)...
2025-05-14 12:16:12,923 - __main__ - INFO - Waiting for service to start (attempt 3/5)...
2025-05-14 12:16:18,990 - __main__ - INFO - Waiting for service to start (attempt 4/5)...
2025-05-14 12:16:23,049 - __main__ - INFO - Spam detection service started successfully!
2025-05-14 12:20:50,313 - __main__ - INFO - Stopping spam detection service (PID: 9944)
2025-05-14 12:20:55,416 - __main__ - INFO - Starting spam detection service...
2025-05-14 12:20:55,430 - __main__ - INFO - Waiting for service to start (attempt 1/5)...
2025-05-14 12:21:01,500 - __main__ - INFO - Waiting for service to start (attempt 2/5)...
2025-05-14 12:21:07,579 - __main__ - INFO - Waiting for service to start (attempt 3/5)...
2025-05-14 12:21:13,656 - __main__ - INFO - Waiting for service to start (attempt 4/5)...
2025-05-14 12:21:19,749 - __main__ - INFO - Waiting for service to start (attempt 5/5)...
2025-05-14 12:21:25,814 - __main__ - ERROR - Failed to start spam detection service after multiple attempts
2025-05-14 12:21:37,522 - __main__ - INFO - Stopping spam detection service (PID: 12908)
2025-05-14 12:21:42,564 - __main__ - INFO - Starting spam detection service...
2025-05-14 12:21:42,572 - __main__ - INFO - Waiting for service to start (attempt 1/5)...
2025-05-14 12:21:48,659 - __main__ - INFO - Waiting for service to start (attempt 2/5)...
2025-05-14 12:21:54,737 - __main__ - INFO - Waiting for service to start (attempt 3/5)...
2025-05-14 12:22:00,808 - __main__ - INFO - Waiting for service to start (attempt 4/5)...
2025-05-14 12:22:06,887 - __main__ - INFO - Waiting for service to start (attempt 5/5)...
2025-05-14 12:22:12,980 - __main__ - ERROR - Failed to start spam detection service after multiple attempts
2025-05-14 12:26:54,177 - __main__ - INFO - No running spam detection service found
2025-05-14 12:26:59,293 - __main__ - INFO - Starting spam detection service...
2025-05-14 12:26:59,301 - __main__ - INFO - Waiting for service to start (attempt 1/5)...
2025-05-14 12:27:05,407 - __main__ - INFO - Waiting for service to start (attempt 2/5)...
2025-05-14 12:27:11,473 - __main__ - INFO - Waiting for service to start (attempt 3/5)...
2025-05-14 12:27:17,497 - __main__ - INFO - Waiting for service to start (attempt 4/5)...
2025-05-14 12:27:21,537 - __main__ - INFO - Spam detection service started successfully!
2025-05-14 12:30:41,378 - __main__ - INFO - Stopping spam detection service (PID: 20016)
2025-05-14 12:30:46,473 - __main__ - INFO - Starting spam detection service...
2025-05-14 12:30:46,487 - __main__ - INFO - Waiting for service to start (attempt 1/5)...
2025-05-14 12:30:52,550 - __main__ - INFO - Waiting for service to start (attempt 2/5)...
2025-05-14 12:30:58,614 - __main__ - INFO - Waiting for service to start (attempt 3/5)...
2025-05-14 12:31:04,214 - __main__ - INFO - Spam detection service started successfully!
2025-05-14 12:33:23,777 - __main__ - INFO - Stopping spam detection service (PID: 7616)
2025-05-14 12:33:28,869 - __main__ - INFO - Starting spam detection service...
2025-05-14 12:33:28,875 - __main__ - INFO - Waiting for service to start (attempt 1/5)...
2025-05-14 12:33:34,924 - __main__ - INFO - Waiting for service to start (attempt 2/5)...
2025-05-14 12:33:40,983 - __main__ - INFO - Waiting for service to start (attempt 3/5)...
2025-05-14 12:33:45,024 - __main__ - INFO - Spam detection service started successfully!
